<?xml version="1.0" encoding="UTF-8"?>
<!-- Generated by org.testng.reporters.JUnitXMLReporter -->
<testsuite hostname="Nalins-MacBook-Pro.local" ignored="0" name="Surefire test" tests="2" failures="0" timestamp="27 Nov 2020 08:42:16 GMT" time="32.966" errors="0">
  <testcase name="runScenario" time="21.894" classname="io.cucumber.testng.AbstractTestNGCucumberTests"/>
  <testcase name="runScenario" time="10.745" classname="io.cucumber.testng.AbstractTestNGCucumberTests"/>
</testsuite> <!-- Surefire test -->
