<?xml version="1.0" encoding="UTF-8"?>
<testng-results skipped="0" failed="0" ignored="0" total="2" passed="2">
  <reporter-output>
  </reporter-output>
  <suite name="Surefire suite" duration-ms="32966" started-at="2020-11-27T08:41:38Z" finished-at="2020-11-27T08:42:11Z">
    <groups>
      <group name="cucumber">
        <method signature="AbstractTestNGCucumberTests.runScenario(io.cucumber.testng.PickleEventWrapper, io.cucumber.testng.CucumberFeatureWrapper)[pri:0, instance:org.dep.example.TestRunner@39c0f4a]" name="runScenario" class="io.cucumber.testng.AbstractTestNGCucumberTests"/>
      </group> <!-- cucumber -->
    </groups>
    <test name="Surefire test" duration-ms="32966" started-at="2020-11-27T08:41:38Z" finished-at="2020-11-27T08:42:11Z">
      <class name="org.dep.example.TestRunner">
        <test-method status="PASS" signature="setUpClass()[pri:0, instance:org.dep.example.TestRunner@39c0f4a]" name="setUpClass" is-config="true" duration-ms="293" started-at="2020-11-27T08:41:38Z" finished-at="2020-11-27T08:41:39Z">
          <reporter-output>
          </reporter-output>
        </test-method> <!-- setUpClass -->
        <test-method status="PASS" signature="runScenario(io.cucumber.testng.PickleEventWrapper, io.cucumber.testng.CucumberFeatureWrapper)[pri:0, instance:org.dep.example.TestRunner@39c0f4a]" name="runScenario" duration-ms="21894" started-at="2020-11-27T08:41:39Z" description="Runs Cucumber Scenarios" data-provider="scenarios" finished-at="2020-11-27T08:42:00Z">
          <params>
            <param index="0">
              <value>
                <![CDATA["Finding some apple"]]>
              </value>
            </param>
            <param index="1">
              <value>
                <![CDATA["Google Search"]]>
              </value>
            </param>
          </params>
          <reporter-output>
          </reporter-output>
        </test-method> <!-- runScenario -->
        <test-method status="PASS" signature="runScenario(io.cucumber.testng.PickleEventWrapper, io.cucumber.testng.CucumberFeatureWrapper)[pri:0, instance:org.dep.example.TestRunner@39c0f4a]" name="runScenario" duration-ms="10745" started-at="2020-11-27T08:42:00Z" description="Runs Cucumber Scenarios" data-provider="scenarios" finished-at="2020-11-27T08:42:11Z">
          <params>
            <param index="0">
              <value>
                <![CDATA["Finding some cheese"]]>
              </value>
            </param>
            <param index="1">
              <value>
                <![CDATA["Google Search"]]>
              </value>
            </param>
          </params>
          <reporter-output>
          </reporter-output>
        </test-method> <!-- runScenario -->
        <test-method status="PASS" signature="tearDownClass()[pri:0, instance:org.dep.example.TestRunner@39c0f4a]" name="tearDownClass" is-config="true" duration-ms="2" started-at="2020-11-27T08:42:11Z" finished-at="2020-11-27T08:42:11Z">
          <reporter-output>
          </reporter-output>
        </test-method> <!-- tearDownClass -->
      </class> <!-- org.dep.example.TestRunner -->
    </test> <!-- Surefire test -->
  </suite> <!-- Surefire suite -->
</testng-results>
